<?xml version="1.0" encoding="UTF-8"?>
<!-- Generated by org.testng.reporters.JUnitXMLReporter -->
<testsuite hostname="Dell-PC" name="Data driven Testing" tests="2" failures="0" timestamp="30 Nov 2017 05:28:53 GMT" time="47.958" errors="0">
  <testcase name="Registration" time="5.895" classname="com.NewToursDemoAut.NewTours_Multiple_Registration"/>
  <testcase name="EnterUserData" time="34.59" classname="com.NewToursDemoAut.NewTours_Multiple_Registration"/>
</testsuite> <!-- Data driven Testing -->
