<?xml version="1.0" encoding="UTF-8"?>
<testng-results skipped="1" failed="0" total="1" passed="0">
  <reporter-output>
  </reporter-output>
  <suite name="Default suite" duration-ms="35" started-at="2017-11-28T20:13:54Z" finished-at="2017-11-28T20:13:54Z">
    <groups>
    </groups>
    <test name="Default test" duration-ms="35" started-at="2017-11-28T20:13:54Z" finished-at="2017-11-28T20:13:54Z">
      <class name="com.DropdownFunction.NewTours_ScreenShot">
        <test-method status="FAIL" signature="setup()[pri:0, instance:com.DropdownFunction.NewTours_ScreenShot@5dfcfece]" name="setup" is-config="true" duration-ms="0" started-at="2017-11-28T12:13:54Z" finished-at="2017-11-28T12:13:54Z">
          <exception class="java.lang.Error">
            <message>
              <![CDATA[Unresolved compilation problem: 
	The method sleepTightInSeconds(int) is undefined for the type Sleeper
]]>
            </message>
            <full-stacktrace>
              <![CDATA[java.lang.Error: Unresolved compilation problem: 
	The method sleepTightInSeconds(int) is undefined for the type Sleeper

	at com.DropdownFunction.NewTours_ScreenShot.setup(NewTours_ScreenShot.java:25)
	at sun.reflect.NativeMethodAccessorImpl.invoke0(Native Method)
	at sun.reflect.NativeMethodAccessorImpl.invoke(Unknown Source)
	at sun.reflect.DelegatingMethodAccessorImpl.invoke(Unknown Source)
	at java.lang.reflect.Method.invoke(Unknown Source)
	at org.testng.internal.MethodInvocationHelper.invokeMethod(MethodInvocationHelper.java:85)
	at org.testng.internal.Invoker.invokeConfigurationMethod(Invoker.java:510)
	at org.testng.internal.Invoker.invokeConfigurations(Invoker.java:211)
	at org.testng.internal.Invoker.invokeConfigurations(Invoker.java:138)
	at org.testng.TestRunner.beforeRun(TestRunner.java:648)
	at org.testng.TestRunner.run(TestRunner.java:616)
	at org.testng.SuiteRunner.runTest(SuiteRunner.java:359)
	at org.testng.SuiteRunner.runSequentially(SuiteRunner.java:354)
	at org.testng.SuiteRunner.privateRun(SuiteRunner.java:312)
	at org.testng.SuiteRunner.run(SuiteRunner.java:261)
	at org.testng.SuiteRunnerWorker.runSuite(SuiteRunnerWorker.java:52)
	at org.testng.SuiteRunnerWorker.run(SuiteRunnerWorker.java:86)
	at org.testng.TestNG.runSuitesSequentially(TestNG.java:1215)
	at org.testng.TestNG.runSuitesLocally(TestNG.java:1140)
	at org.testng.TestNG.run(TestNG.java:1048)
	at org.testng.remote.AbstractRemoteTestNG.run(AbstractRemoteTestNG.java:114)
	at org.testng.remote.RemoteTestNG.initAndRun(RemoteTestNG.java:251)
	at org.testng.remote.RemoteTestNG.main(RemoteTestNG.java:77)
]]>
            </full-stacktrace>
          </exception> <!-- java.lang.Error -->
          <reporter-output>
          </reporter-output>
        </test-method> <!-- setup -->
        <test-method status="SKIP" signature="ScreenShot_Newtour()[pri:0, instance:com.DropdownFunction.NewTours_ScreenShot@5dfcfece]" name="ScreenShot_Newtour" duration-ms="0" started-at="2017-11-28T12:13:54Z" finished-at="2017-11-28T12:13:54Z">
          <reporter-output>
          </reporter-output>
        </test-method> <!-- ScreenShot_Newtour -->
      </class> <!-- com.DropdownFunction.NewTours_ScreenShot -->
    </test> <!-- Default test -->
  </suite> <!-- Default suite -->
</testng-results>
